CRITICAL - 2023-06-29 06:43:17 --> Invalid file: "partials/dashboard.php"
in SYSTEMPATH\Exceptions\FrameworkException.php on line 33.
 1 SYSTEMPATH\View\View.php(212): CodeIgniter\Exceptions\FrameworkException::forInvalidFile('partials/dashboard.php')
 2 SYSTEMPATH\View\View.php(452): CodeIgniter\View\View->render('partials/dashboard', null, true)
 3 APPPATH\Views\index.php(28): CodeIgniter\View\View->include('partials/dashboard')
 4 SYSTEMPATH\View\View.php(224): include('D:\\Ravaji\\Codeigniter\\Dashonic\\Admin\\app\\Views\\index.php')
 5 SYSTEMPATH\View\View.php(227): CodeIgniter\View\View->CodeIgniter\View\{closure}()
 6 SYSTEMPATH\Common.php(1180): CodeIgniter\View\View->render('index', [], true)
 7 APPPATH\Controllers\Home.php(9): view('index')
 8 SYSTEMPATH\CodeIgniter.php(932): App\Controllers\Home->index()
 9 SYSTEMPATH\CodeIgniter.php(497): CodeIgniter\CodeIgniter->runController(Object(App\Controllers\Home))
10 SYSTEMPATH\CodeIgniter.php(366): CodeIgniter\CodeIgniter->handleRequest(null, Object(Config\Cache), false)
11 FCPATH\index.php(67): CodeIgniter\CodeIgniter->run()
12 SYSTEMPATH\Commands\Server\rewrite.php(47): require_once('D:\\Ravaji\\Codeigniter\\Dashonic\\Admin\\public\\index.php')
CRITICAL - 2023-06-29 06:43:19 --> Invalid file: "partials/dashboard.php"
in SYSTEMPATH\Exceptions\FrameworkException.php on line 33.
 1 SYSTEMPATH\View\View.php(212): CodeIgniter\Exceptions\FrameworkException::forInvalidFile('partials/dashboard.php')
 2 SYSTEMPATH\View\View.php(452): CodeIgniter\View\View->render('partials/dashboard', null, true)
 3 APPPATH\Views\index.php(28): CodeIgniter\View\View->include('partials/dashboard')
 4 SYSTEMPATH\View\View.php(224): include('D:\\Ravaji\\Codeigniter\\Dashonic\\Admin\\app\\Views\\index.php')
 5 SYSTEMPATH\View\View.php(227): CodeIgniter\View\View->CodeIgniter\View\{closure}()
 6 SYSTEMPATH\Common.php(1180): CodeIgniter\View\View->render('index', [], true)
 7 APPPATH\Controllers\Home.php(9): view('index')
 8 SYSTEMPATH\CodeIgniter.php(932): App\Controllers\Home->index()
 9 SYSTEMPATH\CodeIgniter.php(497): CodeIgniter\CodeIgniter->runController(Object(App\Controllers\Home))
10 SYSTEMPATH\CodeIgniter.php(366): CodeIgniter\CodeIgniter->handleRequest(null, Object(Config\Cache), false)
11 FCPATH\index.php(67): CodeIgniter\CodeIgniter->run()
12 SYSTEMPATH\Commands\Server\rewrite.php(47): require_once('D:\\Ravaji\\Codeigniter\\Dashonic\\Admin\\public\\index.php')
